<?xml version="1.0" encoding="UTF-8"?>
<testsuite xmlns:xsi="http://www.w3.org/2001/XMLSchema-instance" xsi:noNamespaceSchemaLocation="https://maven.apache.org/surefire/maven-surefire-plugin/xsd/surefire-test-report.xsd" version="3.0.2" name="org.apache.commons.exec.CommandLineTest" time="0.22" tests="34" errors="0" skipped="0" failures="0">
  <properties>
    <property name="java.specification.version" value="19"/>
    <property name="sun.cpu.isalist" value="amd64"/>
    <property name="sun.jnu.encoding" value="Cp1252"/>
    <property name="java.class.path" value="C:\Users\Usuario\git\commons-exec\target\test-classes;C:\Users\Usuario\git\commons-exec\target\classes;C:\Users\Usuario\.m2\repository\org\junit\jupiter\junit-jupiter-api\5.11.2\junit-jupiter-api-5.11.2.jar;C:\Users\Usuario\.m2\repository\org\opentest4j\opentest4j\1.3.0\opentest4j-1.3.0.jar;C:\Users\Usuario\.m2\repository\org\junit\platform\junit-platform-commons\1.11.2\junit-platform-commons-1.11.2.jar;C:\Users\Usuario\.m2\repository\org\apiguardian\apiguardian-api\1.1.2\apiguardian-api-1.1.2.jar;C:\Users\Usuario\.m2\repository\org\junit\jupiter\junit-jupiter-engine\5.11.2\junit-jupiter-engine-5.11.2.jar;C:\Users\Usuario\.m2\repository\org\junit\platform\junit-platform-engine\1.11.2\junit-platform-engine-1.11.2.jar;C:\Users\Usuario\.m2\repository\org\junit-pioneer\junit-pioneer\1.9.1\junit-pioneer-1.9.1.jar;C:\Users\Usuario\.m2\repository\org\junit\jupiter\junit-jupiter-params\5.11.2\junit-jupiter-params-5.11.2.jar;C:\Users\Usuario\.m2\repository\org\junit\platform\junit-platform-launcher\1.11.2\junit-platform-launcher-1.11.2.jar;"/>
    <property name="java.vm.vendor" value="Oracle Corporation"/>
    <property name="sun.arch.data.model" value="64"/>
    <property name="user.variant" value=""/>
    <property name="java.vendor.url" value="https://java.oracle.com/"/>
    <property name="user.timezone" value="Europe/Madrid"/>
    <property name="os.name" value="Windows 11"/>
    <property name="java.vm.specification.version" value="19"/>
    <property name="sun.java.launcher" value="SUN_STANDARD"/>
    <property name="user.country" value="ES"/>
    <property name="sun.boot.library.path" value="C:\Program Files\Java\jdk-19\bin"/>
    <property name="sun.java.command" value="C:\Users\Usuario\AppData\Local\Temp\surefire7473877191379853308\surefirebooter-20241121162634068_3.jar C:\Users\Usuario\AppData\Local\Temp\surefire7473877191379853308 2024-11-21T16-26-33_888-jvmRun1 surefire-20241121162634068_1tmp surefire_0-20241121162634068_2tmp"/>
    <property name="jdk.debug" value="release"/>
    <property name="surefire.test.class.path" value="C:\Users\Usuario\git\commons-exec\target\test-classes;C:\Users\Usuario\git\commons-exec\target\classes;C:\Users\Usuario\.m2\repository\org\junit\jupiter\junit-jupiter-api\5.11.2\junit-jupiter-api-5.11.2.jar;C:\Users\Usuario\.m2\repository\org\opentest4j\opentest4j\1.3.0\opentest4j-1.3.0.jar;C:\Users\Usuario\.m2\repository\org\junit\platform\junit-platform-commons\1.11.2\junit-platform-commons-1.11.2.jar;C:\Users\Usuario\.m2\repository\org\apiguardian\apiguardian-api\1.1.2\apiguardian-api-1.1.2.jar;C:\Users\Usuario\.m2\repository\org\junit\jupiter\junit-jupiter-engine\5.11.2\junit-jupiter-engine-5.11.2.jar;C:\Users\Usuario\.m2\repository\org\junit\platform\junit-platform-engine\1.11.2\junit-platform-engine-1.11.2.jar;C:\Users\Usuario\.m2\repository\org\junit-pioneer\junit-pioneer\1.9.1\junit-pioneer-1.9.1.jar;C:\Users\Usuario\.m2\repository\org\junit\jupiter\junit-jupiter-params\5.11.2\junit-jupiter-params-5.11.2.jar;C:\Users\Usuario\.m2\repository\org\junit\platform\junit-platform-launcher\1.11.2\junit-platform-launcher-1.11.2.jar;"/>
    <property name="sun.cpu.endian" value="little"/>
    <property name="user.home" value="C:\Users\Usuario"/>
    <property name="user.language" value="es"/>
    <property name="java.specification.vendor" value="Oracle Corporation"/>
    <property name="java.version.date" value="2023-01-17"/>
    <property name="java.home" value="C:\Program Files\Java\jdk-19"/>
    <property name="file.separator" value="\"/>
    <property name="basedir" value="C:\Users\Usuario\git\commons-exec"/>
    <property name="java.vm.compressedOopsMode" value="Zero based"/>
    <property name="line.separator" value="&#10;"/>
    <property name="java.vm.specification.vendor" value="Oracle Corporation"/>
    <property name="java.specification.name" value="Java Platform API Specification"/>
    <property name="surefire.real.class.path" value="C:\Users\Usuario\AppData\Local\Temp\surefire7473877191379853308\surefirebooter-20241121162634068_3.jar"/>
    <property name="user.script" value=""/>
    <property name="sun.management.compiler" value="HotSpot 64-Bit Tiered Compilers"/>
    <property name="java.runtime.version" value="19.0.2+7-44"/>
    <property name="user.name" value="Usuario"/>
    <property name="stdout.encoding" value="Cp1252"/>
    <property name="path.separator" value=";"/>
    <property name="os.version" value="10.0"/>
    <property name="java.runtime.name" value="Java(TM) SE Runtime Environment"/>
    <property name="file.encoding" value="UTF-8"/>
    <property name="java.vm.name" value="Java HotSpot(TM) 64-Bit Server VM"/>
    <property name="localRepository" value="C:\Users\Usuario\.m2\repository"/>
    <property name="java.vendor.url.bug" value="https://bugreport.java.com/bugreport/"/>
    <property name="java.io.tmpdir" value="C:\Users\Usuario\AppData\Local\Temp\"/>
    <property name="java.version" value="19.0.2"/>
    <property name="user.dir" value="C:\Users\Usuario\git\commons-exec"/>
    <property name="os.arch" value="amd64"/>
    <property name="java.vm.specification.name" value="Java Virtual Machine Specification"/>
    <property name="sun.os.patch.level" value=""/>
    <property name="native.encoding" value="Cp1252"/>
    <property name="java.library.path" value="C:\Program Files\Java\jdk-19\bin;C:\WINDOWS\Sun\Java\bin;C:\WINDOWS\system32;C:\WINDOWS;C:\Program Files\Common Files\Siemens\Automation\Simatic OAM\bin;C:\Program Files (x86)\Common Files\Siemens\Bin;C:\Program Files (x86)\Common Files\Siemens\CommonArchiving;C:\Program Files (x86)\Common Files\Siemens\ACE\Bin;C:\Program Files (x86)\Siemens\Automation\SCADA-RT_V11\WinCC\Bin;C:\Program Files\Common Files\Oracle\Java\javapath;C:\Program Files (x86)\Common Files\Oracle\Java\javapath;C:\WINDOWS\system32;C:\WINDOWS;C:\WINDOWS\System32\Wbem;C:\WINDOWS\System32\WindowsPowerShell\v1.0\;C:\WINDOWS\System32\OpenSSH\;C:\Program Files\PuTTY\;C:\Program Files\dotnet\;C:\Program Files\NVIDIA Corporation\NVIDIA NvDLISR;C:\Program Files (x86)\NVIDIA Corporation\PhysX\Common;C:\Program Files (x86)\Windows Kits\10\Windows Performance Toolkit\;C:\Program Files (x86)\Siemens\Automation\SCADA-RT_V11\WinCC\Interfaces;C:\Program Files (x86)\Common Files\Siemens\;C:\Program Files (x86)\Common Files\Siemens\Interfaces;C:\Program Files (x86)\Common Files\Siemens\ACE\Interfaces;C:\Program Files\Microsoft SQL Server\Client SDK\ODBC\130\Tools\Binn\;C:\Program Files (x86)\Microsoft SQL Server\130\Tools\Binn\;C:\Program Files\Microsoft SQL Server\130\Tools\Binn\;C:\Program Files\Microsoft SQL Server\130\DTS\Binn\;C:\Program Files\PowerShell\7\;C:\ProgramData\chocolatey\bin;C:\Program Files\Git\cmd;C:\Program Files\Docker\Docker\resources\bin;C:\Program Files\Kubernetes\Minikube;;C:\minikube;C:\Users\Usuario\AppData\Local\Programs\Python\Python311\Scripts\;C:\Users\Usuario\AppData\Local\Programs\Python\Python311\;C:\Users\Usuario\AppData\Local\Microsoft\WindowsApps;C:\Users\Usuario\AppData\Local\Programs\Microsoft VS Code\bin;C:\MinGW\bin;C:\Users\Usuario\AppData\Local\Programs\Python\Python311;C:\Users\Usuario\AppData\Local\Programs\Python\Python311\Scripts;C:\Users\Usuario\.dotnet\tools;C:\Users\Usuario\Downloads\apache-maven-3.9.9-bin\apache-maven-3.9.9\bin;;."/>
    <property name="java.vm.info" value="mixed mode, sharing"/>
    <property name="stderr.encoding" value="Cp1252"/>
    <property name="java.vendor" value="Oracle Corporation"/>
    <property name="java.vm.version" value="19.0.2+7-44"/>
    <property name="sun.io.unicode.encoding" value="UnicodeLittle"/>
    <property name="java.class.version" value="63.0"/>
  </properties>
  <testcase name="testParseCommandLineWithQuotes" classname="org.apache.commons.exec.CommandLineTest" time="0.078"/>
  <testcase name="testAddArgumentWithQuotesAround" classname="org.apache.commons.exec.CommandLineTest" time="0.0"/>
  <testcase name="testParseCommandLineWithNull" classname="org.apache.commons.exec.CommandLineTest" time="0.0"/>
  <testcase name="testCopyConstructor" classname="org.apache.commons.exec.CommandLineTest" time="0.016"/>
  <testcase name="testParseComplexCommandLine1" classname="org.apache.commons.exec.CommandLineTest" time="0.0"/>
  <testcase name="testParseComplexCommandLine2" classname="org.apache.commons.exec.CommandLineTest" time="0.0"/>
  <testcase name="testComplexAddArgument" classname="org.apache.commons.exec.CommandLineTest" time="0.0"/>
  <testcase name="testAddArguments" classname="org.apache.commons.exec.CommandLineTest" time="0.0"/>
  <testcase name="testToString" classname="org.apache.commons.exec.CommandLineTest" time="0.0"/>
  <testcase name="testAddArgumentWithQuote" classname="org.apache.commons.exec.CommandLineTest" time="0.0"/>
  <testcase name="testAddArgumentWithSpace" classname="org.apache.commons.exec.CommandLineTest" time="0.0"/>
  <testcase name="testAddArgumentsArray" classname="org.apache.commons.exec.CommandLineTest" time="0.0"/>
  <testcase name="testAddArgumentsWithQuotes" classname="org.apache.commons.exec.CommandLineTest" time="0.0"/>
  <testcase name="testParseRealLifeCommandLine_1" classname="org.apache.commons.exec.CommandLineTest" time="0.0"/>
  <testcase name="testAddArgumentsWithQuotesAndSpaces" classname="org.apache.commons.exec.CommandLineTest" time="0.0"/>
  <testcase name="testExecutable" classname="org.apache.commons.exec.CommandLineTest" time="0.0"/>
  <testcase name="testParseCommandLineWithUnevenQuotes" classname="org.apache.commons.exec.CommandLineTest" time="0.015"/>
  <testcase name="testAddNullArgument" classname="org.apache.commons.exec.CommandLineTest" time="0.0"/>
  <testcase name="testAddTwoArguments" classname="org.apache.commons.exec.CommandLineTest" time="0.0"/>
  <testcase name="testToStringTroubleshooting" classname="org.apache.commons.exec.CommandLineTest" time="0.0">
    <system-out><![CDATA[testToStringTroubleshooting
cmd1: [sh, -c, echo 1]
cmd2: [sh, -c, echo, 1]
]]></system-out>
  </testcase>
  <testcase name="testAddArgumentsArrayNull" classname="org.apache.commons.exec.CommandLineTest" time="0.0"/>
  <testcase name="testAddArgument" classname="org.apache.commons.exec.CommandLineTest" time="0.0"/>
  <testcase name="testExecutableWhitespaceString" classname="org.apache.commons.exec.CommandLineTest" time="0.0"/>
  <testcase name="testParseCommandLineWithOnlyWhitespace" classname="org.apache.commons.exec.CommandLineTest" time="0.016"/>
  <testcase name="testParseCommandLine" classname="org.apache.commons.exec.CommandLineTest" time="0.0"/>
  <testcase name="testExecutableZeroLengthString" classname="org.apache.commons.exec.CommandLineTest" time="0.0"/>
  <testcase name="testAddArgumentWithSingleQuote" classname="org.apache.commons.exec.CommandLineTest" time="0.0"/>
  <testcase name="testComplexAddArguments1" classname="org.apache.commons.exec.CommandLineTest" time="0.0"/>
  <testcase name="testComplexAddArguments2" classname="org.apache.commons.exec.CommandLineTest" time="0.015"/>
  <testcase name="testAddArgumentWithBothQuotes" classname="org.apache.commons.exec.CommandLineTest" time="0.0"/>
  <testcase name="testCommandLineParsingWithExpansion1" classname="org.apache.commons.exec.CommandLineTest" time="0.007"/>
  <testcase name="testCommandLineParsingWithExpansion2" classname="org.apache.commons.exec.CommandLineTest" time="0.0"/>
  <testcase name="testCommandLineParsingWithExpansion3" classname="org.apache.commons.exec.CommandLineTest" time="0.0"/>
  <testcase name="testNullExecutable" classname="org.apache.commons.exec.CommandLineTest" time="0.009"/>
</testsuite>